2025-01-04 02:14:38,526 - INFO - Verifying DDL for database: california_schools
2025-01-04 02:14:38,557 - ERROR - Error extracting DDL from database 'california_schools': function pg_get_tabledef(regclass) does not exist
LINE 1: SELECT pg_get_tabledef('satscores'::regclass);
               ^
HINT:  No function matches the given name and argument types. You might need to add explicit type casts.

2025-01-04 02:14:38,557 - INFO - Verifying DDL for database: superhero
2025-01-04 02:14:38,582 - ERROR - Error extracting DDL from database 'superhero': function pg_get_tabledef(regclass) does not exist
LINE 1: SELECT pg_get_tabledef('alignment'::regclass);
               ^
HINT:  No function matches the given name and argument types. You might need to add explicit type casts.

2025-01-04 02:14:38,582 - INFO - Verifying DDL for database: financial
2025-01-04 02:14:38,717 - ERROR - Error extracting DDL from database 'financial': function pg_get_tabledef(regclass) does not exist
LINE 1: SELECT pg_get_tabledef('account'::regclass);
               ^
HINT:  No function matches the given name and argument types. You might need to add explicit type casts.

2025-01-04 14:18:06,168 - INFO - Verifying DDL for database: academic
2025-01-04 14:18:06,191 - INFO - Verifying DDL for database: california_schools
2025-01-04 14:18:06,224 - INFO - Extracted DDL for table: satscores
2025-01-04 14:18:06,226 - INFO - Extracted DDL for table: schools
2025-01-04 14:18:06,227 - INFO - Extracted DDL for table: frpm
2025-01-04 14:18:06,229 - INFO - Verifying DDL for database: card_games
2025-01-04 14:18:06,261 - INFO - Extracted DDL for table: cards
2025-01-04 14:18:06,262 - INFO - Extracted DDL for table: foreign_data
2025-01-04 14:18:06,263 - INFO - Extracted DDL for table: legalities
2025-01-04 14:18:06,265 - INFO - Extracted DDL for table: sets
2025-01-04 14:18:06,266 - INFO - Extracted DDL for table: set_translations
2025-01-04 14:18:06,267 - INFO - Extracted DDL for table: rulings
2025-01-04 14:18:06,271 - INFO - Verifying DDL for database: codebase_community
2025-01-04 14:18:06,302 - INFO - Extracted DDL for table: badges
2025-01-04 14:18:06,303 - INFO - Extracted DDL for table: comments
2025-01-04 14:18:06,305 - INFO - Extracted DDL for table: postHistory
2025-01-04 14:18:06,306 - INFO - Extracted DDL for table: postLinks
2025-01-04 14:18:06,308 - INFO - Extracted DDL for table: posts
2025-01-04 14:18:06,309 - INFO - Extracted DDL for table: tags
2025-01-04 14:18:06,310 - INFO - Extracted DDL for table: users
2025-01-04 14:18:06,310 - INFO - Extracted DDL for table: votes
2025-01-04 14:18:06,313 - INFO - Verifying DDL for database: debit_card_specializing
2025-01-04 14:18:06,344 - INFO - Extracted DDL for table: customers
2025-01-04 14:18:06,345 - INFO - Extracted DDL for table: gasstations
2025-01-04 14:18:06,346 - INFO - Extracted DDL for table: products
2025-01-04 14:18:06,348 - INFO - Extracted DDL for table: transactions_1k
2025-01-04 14:18:06,349 - INFO - Extracted DDL for table: yearmonth
2025-01-04 14:18:06,351 - INFO - Verifying DDL for database: european_football_2
2025-01-04 14:18:06,381 - INFO - Extracted DDL for table: Player_Attributes
2025-01-04 14:18:06,383 - INFO - Extracted DDL for table: Player
2025-01-04 14:18:06,384 - INFO - Extracted DDL for table: League
2025-01-04 14:18:06,386 - INFO - Extracted DDL for table: Country
2025-01-04 14:18:06,387 - INFO - Extracted DDL for table: Team
2025-01-04 14:18:06,388 - INFO - Extracted DDL for table: Team_Attributes
2025-01-04 14:18:06,389 - INFO - Extracted DDL for table: Match
2025-01-04 14:18:06,393 - INFO - Verifying DDL for database: financial
2025-01-04 14:18:06,428 - INFO - Extracted DDL for table: account
2025-01-04 14:18:06,430 - INFO - Extracted DDL for table: card
2025-01-04 14:18:06,431 - INFO - Extracted DDL for table: client
2025-01-04 14:18:06,432 - INFO - Extracted DDL for table: disp
2025-01-04 14:18:06,433 - INFO - Extracted DDL for table: district
2025-01-04 14:18:06,435 - INFO - Extracted DDL for table: loan
2025-01-04 14:18:06,437 - INFO - Verifying DDL for database: formula_1
2025-01-04 14:18:06,475 - INFO - Extracted DDL for table: circuits
2025-01-04 14:18:06,476 - INFO - Extracted DDL for table: constructors
2025-01-04 14:18:06,477 - INFO - Extracted DDL for table: drivers
2025-01-04 14:18:06,479 - INFO - Extracted DDL for table: seasons
2025-01-04 14:18:06,480 - INFO - Extracted DDL for table: races
2025-01-04 14:18:06,481 - INFO - Extracted DDL for table: constructorResults
2025-01-04 14:18:06,482 - INFO - Extracted DDL for table: constructorStandings
2025-01-04 14:18:06,482 - INFO - Extracted DDL for table: driverStandings
2025-01-04 14:18:06,483 - INFO - Extracted DDL for table: lapTimes
2025-01-04 14:18:06,483 - INFO - Extracted DDL for table: pitStops
2025-01-04 14:18:06,483 - INFO - Extracted DDL for table: qualifying
2025-01-04 14:18:06,484 - INFO - Extracted DDL for table: status
2025-01-04 14:18:06,484 - INFO - Extracted DDL for table: results
2025-01-04 14:18:06,489 - INFO - Verifying DDL for database: student_club
2025-01-04 14:18:06,523 - INFO - Extracted DDL for table: event
2025-01-04 14:18:06,525 - INFO - Extracted DDL for table: major
2025-01-04 14:18:06,526 - INFO - Extracted DDL for table: zip_code
2025-01-04 14:18:06,527 - INFO - Extracted DDL for table: attendance
2025-01-04 14:18:06,528 - INFO - Extracted DDL for table: budget
2025-01-04 14:18:06,530 - INFO - Extracted DDL for table: expense
2025-01-04 14:18:06,530 - INFO - Extracted DDL for table: income
2025-01-04 14:18:06,530 - INFO - Extracted DDL for table: member
2025-01-04 14:18:06,533 - INFO - Verifying DDL for database: superhero
2025-01-04 14:18:06,568 - INFO - Extracted DDL for table: alignment
2025-01-04 14:18:06,570 - INFO - Extracted DDL for table: attribute
2025-01-04 14:18:06,571 - INFO - Extracted DDL for table: colour
2025-01-04 14:18:06,572 - INFO - Extracted DDL for table: gender
2025-01-04 14:18:06,573 - INFO - Extracted DDL for table: publisher
2025-01-04 14:18:06,575 - INFO - Extracted DDL for table: race
2025-01-04 14:18:06,575 - INFO - Extracted DDL for table: superhero
2025-01-04 14:18:06,576 - INFO - Extracted DDL for table: hero_attribute
2025-01-04 14:18:06,576 - INFO - Extracted DDL for table: superpower
2025-01-04 14:18:06,577 - INFO - Extracted DDL for table: hero_power
2025-01-04 14:18:06,580 - INFO - Verifying DDL for database: thrombosis_prediction
2025-01-04 14:18:06,616 - INFO - Extracted DDL for table: Examination
2025-01-04 14:18:06,617 - INFO - Extracted DDL for table: Patient
2025-01-04 14:18:06,619 - INFO - Extracted DDL for table: Laboratory
2025-01-04 14:18:06,620 - INFO - Verifying DDL for database: toxicology
2025-01-04 14:18:06,652 - INFO - Extracted DDL for table: atom
2025-01-04 14:18:06,654 - INFO - Extracted DDL for table: bond
2025-01-04 14:18:06,655 - INFO - Extracted DDL for table: connected
2025-01-04 14:18:06,656 - INFO - Extracted DDL for table: molecule
2025-01-04 14:46:48,627 - INFO - Extracted DDL for table: satscores
2025-01-04 14:46:48,629 - INFO - Extracted DDL for table: schools
2025-01-04 14:46:48,630 - INFO - Extracted DDL for table: frpm
2025-01-04 14:46:48,670 - INFO - Extracted DDL for table: cards
2025-01-04 14:46:48,672 - INFO - Extracted DDL for table: foreign_data
2025-01-04 14:46:48,673 - INFO - Extracted DDL for table: legalities
2025-01-04 14:46:48,674 - INFO - Extracted DDL for table: sets
2025-01-04 14:46:48,675 - INFO - Extracted DDL for table: set_translations
2025-01-04 14:46:48,677 - INFO - Extracted DDL for table: rulings
2025-01-04 14:46:48,712 - INFO - Extracted DDL for table: badges
2025-01-04 14:46:48,713 - INFO - Extracted DDL for table: comments
2025-01-04 14:46:48,715 - INFO - Extracted DDL for table: postHistory
2025-01-04 14:46:48,717 - INFO - Extracted DDL for table: postLinks
2025-01-04 14:46:48,718 - INFO - Extracted DDL for table: posts
2025-01-04 14:46:48,720 - INFO - Extracted DDL for table: tags
2025-01-04 14:46:48,720 - INFO - Extracted DDL for table: users
2025-01-04 14:46:48,721 - INFO - Extracted DDL for table: votes
2025-01-04 14:46:48,757 - INFO - Extracted DDL for table: customers
2025-01-04 14:46:48,759 - INFO - Extracted DDL for table: gasstations
2025-01-04 14:46:48,760 - INFO - Extracted DDL for table: products
2025-01-04 14:46:48,761 - INFO - Extracted DDL for table: transactions_1k
2025-01-04 14:46:48,763 - INFO - Extracted DDL for table: yearmonth
2025-01-04 14:46:48,797 - INFO - Extracted DDL for table: Player_Attributes
2025-01-04 14:46:48,799 - INFO - Extracted DDL for table: Player
2025-01-04 14:46:48,800 - INFO - Extracted DDL for table: League
2025-01-04 14:46:48,801 - INFO - Extracted DDL for table: Country
2025-01-04 14:46:48,803 - INFO - Extracted DDL for table: Team
2025-01-04 14:46:48,805 - INFO - Extracted DDL for table: Team_Attributes
2025-01-04 14:46:48,805 - INFO - Extracted DDL for table: Match
2025-01-04 14:46:48,843 - INFO - Extracted DDL for table: account
2025-01-04 14:46:48,845 - INFO - Extracted DDL for table: card
2025-01-04 14:46:48,846 - INFO - Extracted DDL for table: client
2025-01-04 14:46:48,847 - INFO - Extracted DDL for table: disp
2025-01-04 14:46:48,849 - INFO - Extracted DDL for table: district
2025-01-04 14:46:48,850 - INFO - Extracted DDL for table: loan
2025-01-04 14:46:48,888 - INFO - Extracted DDL for table: circuits
2025-01-04 14:46:48,890 - INFO - Extracted DDL for table: constructors
2025-01-04 14:46:48,892 - INFO - Extracted DDL for table: drivers
2025-01-04 14:46:48,893 - INFO - Extracted DDL for table: seasons
2025-01-04 14:46:48,894 - INFO - Extracted DDL for table: races
2025-01-04 14:46:48,895 - INFO - Extracted DDL for table: constructorResults
2025-01-04 14:46:48,896 - INFO - Extracted DDL for table: constructorStandings
2025-01-04 14:46:48,897 - INFO - Extracted DDL for table: driverStandings
2025-01-04 14:46:48,897 - INFO - Extracted DDL for table: lapTimes
2025-01-04 14:46:48,898 - INFO - Extracted DDL for table: pitStops
2025-01-04 14:46:48,898 - INFO - Extracted DDL for table: qualifying
2025-01-04 14:46:48,899 - INFO - Extracted DDL for table: status
2025-01-04 14:46:48,899 - INFO - Extracted DDL for table: results
2025-01-04 14:46:48,934 - INFO - Extracted DDL for table: event
2025-01-04 14:46:48,936 - INFO - Extracted DDL for table: major
2025-01-04 14:46:48,937 - INFO - Extracted DDL for table: zip_code
2025-01-04 14:46:48,938 - INFO - Extracted DDL for table: attendance
2025-01-04 14:46:48,940 - INFO - Extracted DDL for table: budget
2025-01-04 14:46:48,941 - INFO - Extracted DDL for table: expense
2025-01-04 14:46:48,941 - INFO - Extracted DDL for table: income
2025-01-04 14:46:48,942 - INFO - Extracted DDL for table: member
2025-01-04 14:46:48,976 - INFO - Extracted DDL for table: alignment
2025-01-04 14:46:48,977 - INFO - Extracted DDL for table: attribute
2025-01-04 14:46:48,979 - INFO - Extracted DDL for table: colour
2025-01-04 14:46:48,980 - INFO - Extracted DDL for table: gender
2025-01-04 14:46:48,981 - INFO - Extracted DDL for table: publisher
2025-01-04 14:46:48,983 - INFO - Extracted DDL for table: race
2025-01-04 14:46:48,983 - INFO - Extracted DDL for table: superhero
2025-01-04 14:46:48,984 - INFO - Extracted DDL for table: hero_attribute
2025-01-04 14:46:48,984 - INFO - Extracted DDL for table: superpower
2025-01-04 14:46:48,984 - INFO - Extracted DDL for table: hero_power
2025-01-04 14:46:49,028 - INFO - Extracted DDL for table: Examination
2025-01-04 14:46:49,029 - INFO - Extracted DDL for table: Patient
2025-01-04 14:46:49,031 - INFO - Extracted DDL for table: Laboratory
2025-01-04 14:46:49,075 - INFO - Extracted DDL for table: atom
2025-01-04 14:46:49,076 - INFO - Extracted DDL for table: bond
2025-01-04 14:46:49,078 - INFO - Extracted DDL for table: connected
2025-01-04 14:46:49,079 - INFO - Extracted DDL for table: molecule
2025-01-04 14:48:34,966 - INFO - Extracted DDL for table: satscores
2025-01-04 14:48:34,969 - INFO - Extracted DDL for table: schools
2025-01-04 14:48:34,970 - INFO - Extracted DDL for table: frpm
2025-01-04 14:48:35,006 - INFO - Extracted DDL for table: cards
2025-01-04 14:48:35,007 - INFO - Extracted DDL for table: foreign_data
2025-01-04 14:48:35,008 - INFO - Extracted DDL for table: legalities
2025-01-04 14:48:35,010 - INFO - Extracted DDL for table: sets
2025-01-04 14:48:35,011 - INFO - Extracted DDL for table: set_translations
2025-01-04 14:48:35,013 - INFO - Extracted DDL for table: rulings
2025-01-04 14:48:35,049 - INFO - Extracted DDL for table: badges
2025-01-04 14:48:35,051 - INFO - Extracted DDL for table: comments
2025-01-04 14:48:35,052 - INFO - Extracted DDL for table: postHistory
2025-01-04 14:48:35,054 - INFO - Extracted DDL for table: postLinks
2025-01-04 14:48:35,055 - INFO - Extracted DDL for table: posts
2025-01-04 14:48:35,056 - INFO - Extracted DDL for table: tags
2025-01-04 14:48:35,057 - INFO - Extracted DDL for table: users
2025-01-04 14:48:35,057 - INFO - Extracted DDL for table: votes
2025-01-04 14:48:35,101 - INFO - Extracted DDL for table: customers
2025-01-04 14:48:35,102 - INFO - Extracted DDL for table: gasstations
2025-01-04 14:48:35,104 - INFO - Extracted DDL for table: products
2025-01-04 14:48:35,105 - INFO - Extracted DDL for table: transactions_1k
2025-01-04 14:48:35,106 - INFO - Extracted DDL for table: yearmonth
2025-01-04 14:48:35,140 - INFO - Extracted DDL for table: Player_Attributes
2025-01-04 14:48:35,142 - INFO - Extracted DDL for table: Player
2025-01-04 14:48:35,143 - INFO - Extracted DDL for table: League
2025-01-04 14:48:35,145 - INFO - Extracted DDL for table: Country
2025-01-04 14:48:35,146 - INFO - Extracted DDL for table: Team
2025-01-04 14:48:35,148 - INFO - Extracted DDL for table: Team_Attributes
2025-01-04 14:48:35,148 - INFO - Extracted DDL for table: Match
2025-01-04 14:48:35,193 - INFO - Extracted DDL for table: account
2025-01-04 14:48:35,194 - INFO - Extracted DDL for table: card
2025-01-04 14:48:35,195 - INFO - Extracted DDL for table: client
2025-01-04 14:48:35,197 - INFO - Extracted DDL for table: disp
2025-01-04 14:48:35,198 - INFO - Extracted DDL for table: district
2025-01-04 14:48:35,199 - INFO - Extracted DDL for table: loan
2025-01-04 14:48:35,234 - INFO - Extracted DDL for table: circuits
2025-01-04 14:48:35,235 - INFO - Extracted DDL for table: constructors
2025-01-04 14:48:35,237 - INFO - Extracted DDL for table: drivers
2025-01-04 14:48:35,238 - INFO - Extracted DDL for table: seasons
2025-01-04 14:48:35,239 - INFO - Extracted DDL for table: races
2025-01-04 14:48:35,241 - INFO - Extracted DDL for table: constructorResults
2025-01-04 14:48:35,241 - INFO - Extracted DDL for table: constructorStandings
2025-01-04 14:48:35,242 - INFO - Extracted DDL for table: driverStandings
2025-01-04 14:48:35,242 - INFO - Extracted DDL for table: lapTimes
2025-01-04 14:48:35,243 - INFO - Extracted DDL for table: pitStops
2025-01-04 14:48:35,243 - INFO - Extracted DDL for table: qualifying
2025-01-04 14:48:35,244 - INFO - Extracted DDL for table: status
2025-01-04 14:48:35,244 - INFO - Extracted DDL for table: results
2025-01-04 14:48:35,280 - INFO - Extracted DDL for table: event
2025-01-04 14:48:35,281 - INFO - Extracted DDL for table: major
2025-01-04 14:48:35,282 - INFO - Extracted DDL for table: zip_code
2025-01-04 14:48:35,284 - INFO - Extracted DDL for table: attendance
2025-01-04 14:48:35,285 - INFO - Extracted DDL for table: budget
2025-01-04 14:48:35,287 - INFO - Extracted DDL for table: expense
2025-01-04 14:48:35,287 - INFO - Extracted DDL for table: income
2025-01-04 14:48:35,288 - INFO - Extracted DDL for table: member
2025-01-04 14:48:35,332 - INFO - Extracted DDL for table: alignment
2025-01-04 14:48:35,334 - INFO - Extracted DDL for table: attribute
2025-01-04 14:48:35,335 - INFO - Extracted DDL for table: colour
2025-01-04 14:48:35,336 - INFO - Extracted DDL for table: gender
2025-01-04 14:48:35,338 - INFO - Extracted DDL for table: publisher
2025-01-04 14:48:35,339 - INFO - Extracted DDL for table: race
2025-01-04 14:48:35,339 - INFO - Extracted DDL for table: superhero
2025-01-04 14:48:35,340 - INFO - Extracted DDL for table: hero_attribute
2025-01-04 14:48:35,340 - INFO - Extracted DDL for table: superpower
2025-01-04 14:48:35,341 - INFO - Extracted DDL for table: hero_power
2025-01-04 14:48:35,375 - INFO - Extracted DDL for table: Examination
2025-01-04 14:48:35,376 - INFO - Extracted DDL for table: Patient
2025-01-04 14:48:35,378 - INFO - Extracted DDL for table: Laboratory
2025-01-04 14:48:35,410 - INFO - Extracted DDL for table: atom
2025-01-04 14:48:35,411 - INFO - Extracted DDL for table: bond
2025-01-04 14:48:35,413 - INFO - Extracted DDL for table: connected
2025-01-04 14:48:35,414 - INFO - Extracted DDL for table: molecule
2025-01-04 14:53:10,579 - INFO - Extracted DDL for table: satscores
2025-01-04 14:53:10,581 - INFO - Extracted DDL for table: schools
2025-01-04 14:53:10,584 - INFO - Extracted DDL for table: frpm
2025-01-04 14:53:10,617 - INFO - Extracted DDL for table: cards
2025-01-04 14:53:10,619 - INFO - Extracted DDL for table: foreign_data
2025-01-04 14:53:10,620 - INFO - Extracted DDL for table: legalities
2025-01-04 14:53:10,621 - INFO - Extracted DDL for table: sets
2025-01-04 14:53:10,622 - INFO - Extracted DDL for table: set_translations
2025-01-04 14:53:10,624 - INFO - Extracted DDL for table: rulings
2025-01-04 14:53:10,666 - INFO - Extracted DDL for table: badges
2025-01-04 14:53:10,668 - INFO - Extracted DDL for table: comments
2025-01-04 14:53:10,670 - INFO - Extracted DDL for table: postHistory
2025-01-04 14:53:10,671 - INFO - Extracted DDL for table: postLinks
2025-01-04 14:53:10,672 - INFO - Extracted DDL for table: posts
2025-01-04 14:53:10,673 - INFO - Extracted DDL for table: tags
2025-01-04 14:53:10,674 - INFO - Extracted DDL for table: users
2025-01-04 14:53:10,674 - INFO - Extracted DDL for table: votes
2025-01-04 14:53:10,711 - INFO - Extracted DDL for table: customers
2025-01-04 14:53:10,713 - INFO - Extracted DDL for table: gasstations
2025-01-04 14:53:10,714 - INFO - Extracted DDL for table: products
2025-01-04 14:53:10,715 - INFO - Extracted DDL for table: transactions_1k
2025-01-04 14:53:10,717 - INFO - Extracted DDL for table: yearmonth
2025-01-04 14:53:10,756 - INFO - Extracted DDL for table: Player_Attributes
2025-01-04 14:53:10,758 - INFO - Extracted DDL for table: Player
2025-01-04 14:53:10,759 - INFO - Extracted DDL for table: League
2025-01-04 14:53:10,761 - INFO - Extracted DDL for table: Country
2025-01-04 14:53:10,762 - INFO - Extracted DDL for table: Team
2025-01-04 14:53:10,763 - INFO - Extracted DDL for table: Team_Attributes
2025-01-04 14:53:10,764 - INFO - Extracted DDL for table: Match
2025-01-04 14:53:10,799 - INFO - Extracted DDL for table: account
2025-01-04 14:53:10,801 - INFO - Extracted DDL for table: card
2025-01-04 14:53:10,802 - INFO - Extracted DDL for table: client
2025-01-04 14:53:10,803 - INFO - Extracted DDL for table: disp
2025-01-04 14:53:10,804 - INFO - Extracted DDL for table: district
2025-01-04 14:53:10,806 - INFO - Extracted DDL for table: loan
2025-01-04 14:53:10,841 - INFO - Extracted DDL for table: circuits
2025-01-04 14:53:10,842 - INFO - Extracted DDL for table: constructors
2025-01-04 14:53:10,844 - INFO - Extracted DDL for table: drivers
2025-01-04 14:53:10,846 - INFO - Extracted DDL for table: seasons
2025-01-04 14:53:10,847 - INFO - Extracted DDL for table: races
2025-01-04 14:53:10,848 - INFO - Extracted DDL for table: constructorResults
2025-01-04 14:53:10,849 - INFO - Extracted DDL for table: constructorStandings
2025-01-04 14:53:10,850 - INFO - Extracted DDL for table: driverStandings
2025-01-04 14:53:10,850 - INFO - Extracted DDL for table: lapTimes
2025-01-04 14:53:10,850 - INFO - Extracted DDL for table: pitStops
2025-01-04 14:53:10,851 - INFO - Extracted DDL for table: qualifying
2025-01-04 14:53:10,851 - INFO - Extracted DDL for table: status
2025-01-04 14:53:10,852 - INFO - Extracted DDL for table: results
2025-01-04 14:53:10,893 - INFO - Extracted DDL for table: event
2025-01-04 14:53:10,895 - INFO - Extracted DDL for table: major
2025-01-04 14:53:10,896 - INFO - Extracted DDL for table: zip_code
2025-01-04 14:53:10,898 - INFO - Extracted DDL for table: attendance
2025-01-04 14:53:10,899 - INFO - Extracted DDL for table: budget
2025-01-04 14:53:10,900 - INFO - Extracted DDL for table: expense
2025-01-04 14:53:10,901 - INFO - Extracted DDL for table: income
2025-01-04 14:53:10,902 - INFO - Extracted DDL for table: member
2025-01-04 14:53:10,943 - INFO - Extracted DDL for table: alignment
2025-01-04 14:53:10,944 - INFO - Extracted DDL for table: attribute
2025-01-04 14:53:10,946 - INFO - Extracted DDL for table: colour
2025-01-04 14:53:10,947 - INFO - Extracted DDL for table: gender
2025-01-04 14:53:10,948 - INFO - Extracted DDL for table: publisher
2025-01-04 14:53:10,950 - INFO - Extracted DDL for table: race
2025-01-04 14:53:10,950 - INFO - Extracted DDL for table: superhero
2025-01-04 14:53:10,951 - INFO - Extracted DDL for table: hero_attribute
2025-01-04 14:53:10,951 - INFO - Extracted DDL for table: superpower
2025-01-04 14:53:10,951 - INFO - Extracted DDL for table: hero_power
2025-01-04 14:53:10,989 - INFO - Extracted DDL for table: Examination
2025-01-04 14:53:10,990 - INFO - Extracted DDL for table: Patient
2025-01-04 14:53:10,992 - INFO - Extracted DDL for table: Laboratory
2025-01-04 14:53:11,026 - INFO - Extracted DDL for table: atom
2025-01-04 14:53:11,027 - INFO - Extracted DDL for table: bond
2025-01-04 14:53:11,028 - INFO - Extracted DDL for table: connected
2025-01-04 14:53:11,030 - INFO - Extracted DDL for table: molecule
2025-01-04 14:55:16,652 - INFO - Extracted DDL for table: satscores
2025-01-04 14:55:16,654 - INFO - Extracted DDL for table: schools
2025-01-04 14:55:16,655 - INFO - Extracted DDL for table: frpm
2025-01-04 14:55:16,697 - INFO - Extracted DDL for table: cards
2025-01-04 14:55:16,698 - INFO - Extracted DDL for table: foreign_data
2025-01-04 14:55:16,700 - INFO - Extracted DDL for table: legalities
2025-01-04 14:55:16,701 - INFO - Extracted DDL for table: sets
2025-01-04 14:55:16,703 - INFO - Extracted DDL for table: set_translations
2025-01-04 14:55:16,704 - INFO - Extracted DDL for table: rulings
2025-01-04 14:55:16,738 - INFO - Extracted DDL for table: badges
2025-01-04 14:55:16,740 - INFO - Extracted DDL for table: comments
2025-01-04 14:55:16,741 - INFO - Extracted DDL for table: postHistory
2025-01-04 14:55:16,743 - INFO - Extracted DDL for table: postLinks
2025-01-04 14:55:16,744 - INFO - Extracted DDL for table: posts
2025-01-04 14:55:16,746 - INFO - Extracted DDL for table: tags
2025-01-04 14:55:16,746 - INFO - Extracted DDL for table: users
2025-01-04 14:55:16,747 - INFO - Extracted DDL for table: votes
2025-01-04 14:55:16,791 - INFO - Extracted DDL for table: customers
2025-01-04 14:55:16,792 - INFO - Extracted DDL for table: gasstations
2025-01-04 14:55:16,794 - INFO - Extracted DDL for table: products
2025-01-04 14:55:16,795 - INFO - Extracted DDL for table: transactions_1k
2025-01-04 14:55:16,797 - INFO - Extracted DDL for table: yearmonth
2025-01-04 14:55:16,831 - INFO - Extracted DDL for table: Player_Attributes
2025-01-04 14:55:16,833 - INFO - Extracted DDL for table: Player
2025-01-04 14:55:16,834 - INFO - Extracted DDL for table: League
2025-01-04 14:55:16,836 - INFO - Extracted DDL for table: Country
2025-01-04 14:55:16,837 - INFO - Extracted DDL for table: Team
2025-01-04 14:55:16,838 - INFO - Extracted DDL for table: Team_Attributes
2025-01-04 14:55:16,839 - INFO - Extracted DDL for table: Match
2025-01-04 14:55:16,985 - INFO - Extracted DDL for table: account
2025-01-04 14:55:16,987 - INFO - Extracted DDL for table: card
2025-01-04 14:55:16,988 - INFO - Extracted DDL for table: client
2025-01-04 14:55:16,990 - INFO - Extracted DDL for table: disp
2025-01-04 14:55:16,991 - INFO - Extracted DDL for table: district
2025-01-04 14:55:16,992 - INFO - Extracted DDL for table: loan
2025-01-04 14:55:17,038 - INFO - Extracted DDL for table: circuits
2025-01-04 14:55:17,039 - INFO - Extracted DDL for table: constructors
2025-01-04 14:55:17,041 - INFO - Extracted DDL for table: drivers
2025-01-04 14:55:17,042 - INFO - Extracted DDL for table: seasons
2025-01-04 14:55:17,043 - INFO - Extracted DDL for table: races
2025-01-04 14:55:17,045 - INFO - Extracted DDL for table: constructorResults
2025-01-04 14:55:17,046 - INFO - Extracted DDL for table: constructorStandings
2025-01-04 14:55:17,046 - INFO - Extracted DDL for table: driverStandings
2025-01-04 14:55:17,047 - INFO - Extracted DDL for table: lapTimes
2025-01-04 14:55:17,047 - INFO - Extracted DDL for table: pitStops
2025-01-04 14:55:17,048 - INFO - Extracted DDL for table: qualifying
2025-01-04 14:55:17,048 - INFO - Extracted DDL for table: status
2025-01-04 14:55:17,049 - INFO - Extracted DDL for table: results
2025-01-04 14:55:17,085 - INFO - Extracted DDL for table: event
2025-01-04 14:55:17,086 - INFO - Extracted DDL for table: major
2025-01-04 14:55:17,087 - INFO - Extracted DDL for table: zip_code
2025-01-04 14:55:17,089 - INFO - Extracted DDL for table: attendance
2025-01-04 14:55:17,090 - INFO - Extracted DDL for table: budget
2025-01-04 14:55:17,091 - INFO - Extracted DDL for table: expense
2025-01-04 14:55:17,092 - INFO - Extracted DDL for table: income
2025-01-04 14:55:17,092 - INFO - Extracted DDL for table: member
2025-01-04 14:55:17,132 - INFO - Extracted DDL for table: alignment
2025-01-04 14:55:17,133 - INFO - Extracted DDL for table: attribute
2025-01-04 14:55:17,135 - INFO - Extracted DDL for table: colour
2025-01-04 14:55:17,136 - INFO - Extracted DDL for table: gender
2025-01-04 14:55:17,137 - INFO - Extracted DDL for table: publisher
2025-01-04 14:55:17,139 - INFO - Extracted DDL for table: race
2025-01-04 14:55:17,139 - INFO - Extracted DDL for table: superhero
2025-01-04 14:55:17,140 - INFO - Extracted DDL for table: hero_attribute
2025-01-04 14:55:17,140 - INFO - Extracted DDL for table: superpower
2025-01-04 14:55:17,141 - INFO - Extracted DDL for table: hero_power
2025-01-04 14:55:17,176 - INFO - Extracted DDL for table: Examination
2025-01-04 14:55:17,178 - INFO - Extracted DDL for table: Patient
2025-01-04 14:55:17,180 - INFO - Extracted DDL for table: Laboratory
2025-01-04 14:55:17,326 - INFO - Extracted DDL for table: atom
2025-01-04 14:55:17,328 - INFO - Extracted DDL for table: bond
2025-01-04 14:55:17,329 - INFO - Extracted DDL for table: connected
2025-01-04 14:55:17,330 - INFO - Extracted DDL for table: molecule
2025-01-04 14:58:29,097 - INFO - Extracted DDL for table: satscores
2025-01-04 14:58:29,099 - INFO - Extracted DDL for table: schools
2025-01-04 14:58:29,101 - INFO - Extracted DDL for table: frpm
2025-01-04 14:58:29,134 - INFO - Extracted DDL for table: cards
2025-01-04 14:58:29,135 - INFO - Extracted DDL for table: foreign_data
2025-01-04 14:58:29,137 - INFO - Extracted DDL for table: legalities
2025-01-04 14:58:29,138 - INFO - Extracted DDL for table: sets
2025-01-04 14:58:29,139 - INFO - Extracted DDL for table: set_translations
2025-01-04 14:58:29,140 - INFO - Extracted DDL for table: rulings
2025-01-04 14:58:29,174 - INFO - Extracted DDL for table: badges
2025-01-04 14:58:29,175 - INFO - Extracted DDL for table: comments
2025-01-04 14:58:29,177 - INFO - Extracted DDL for table: postHistory
2025-01-04 14:58:29,178 - INFO - Extracted DDL for table: postLinks
2025-01-04 14:58:29,179 - INFO - Extracted DDL for table: posts
2025-01-04 14:58:29,181 - INFO - Extracted DDL for table: tags
2025-01-04 14:58:29,181 - INFO - Extracted DDL for table: users
2025-01-04 14:58:29,182 - INFO - Extracted DDL for table: votes
2025-01-04 14:58:29,218 - INFO - Extracted DDL for table: customers
2025-01-04 14:58:29,219 - INFO - Extracted DDL for table: gasstations
2025-01-04 14:58:29,220 - INFO - Extracted DDL for table: products
2025-01-04 14:58:29,222 - INFO - Extracted DDL for table: transactions_1k
2025-01-04 14:58:29,223 - INFO - Extracted DDL for table: yearmonth
2025-01-04 14:58:29,257 - INFO - Extracted DDL for table: Player_Attributes
2025-01-04 14:58:29,259 - INFO - Extracted DDL for table: Player
2025-01-04 14:58:29,260 - INFO - Extracted DDL for table: League
2025-01-04 14:58:29,262 - INFO - Extracted DDL for table: Country
2025-01-04 14:58:29,263 - INFO - Extracted DDL for table: Team
2025-01-04 14:58:29,265 - INFO - Extracted DDL for table: Team_Attributes
2025-01-04 14:58:29,266 - INFO - Extracted DDL for table: Match
2025-01-04 14:58:29,300 - INFO - Extracted DDL for table: account
2025-01-04 14:58:29,302 - INFO - Extracted DDL for table: card
2025-01-04 14:58:29,303 - INFO - Extracted DDL for table: client
2025-01-04 14:58:29,304 - INFO - Extracted DDL for table: disp
2025-01-04 14:58:29,306 - INFO - Extracted DDL for table: district
2025-01-04 14:58:29,307 - INFO - Extracted DDL for table: loan
2025-01-04 14:58:29,340 - INFO - Extracted DDL for table: circuits
2025-01-04 14:58:29,342 - INFO - Extracted DDL for table: constructors
2025-01-04 14:58:29,343 - INFO - Extracted DDL for table: drivers
2025-01-04 14:58:29,344 - INFO - Extracted DDL for table: seasons
2025-01-04 14:58:29,346 - INFO - Extracted DDL for table: races
2025-01-04 14:58:29,347 - INFO - Extracted DDL for table: constructorResults
2025-01-04 14:58:29,348 - INFO - Extracted DDL for table: constructorStandings
2025-01-04 14:58:29,348 - INFO - Extracted DDL for table: driverStandings
2025-01-04 14:58:29,349 - INFO - Extracted DDL for table: lapTimes
2025-01-04 14:58:29,349 - INFO - Extracted DDL for table: pitStops
2025-01-04 14:58:29,350 - INFO - Extracted DDL for table: qualifying
2025-01-04 14:58:29,350 - INFO - Extracted DDL for table: status
2025-01-04 14:58:29,351 - INFO - Extracted DDL for table: results
2025-01-04 14:58:29,396 - INFO - Extracted DDL for table: event
2025-01-04 14:58:29,398 - INFO - Extracted DDL for table: major
2025-01-04 14:58:29,399 - INFO - Extracted DDL for table: zip_code
2025-01-04 14:58:29,400 - INFO - Extracted DDL for table: attendance
2025-01-04 14:58:29,401 - INFO - Extracted DDL for table: budget
2025-01-04 14:58:29,403 - INFO - Extracted DDL for table: expense
2025-01-04 14:58:29,403 - INFO - Extracted DDL for table: income
2025-01-04 14:58:29,404 - INFO - Extracted DDL for table: member
2025-01-04 14:58:29,443 - INFO - Extracted DDL for table: alignment
2025-01-04 14:58:29,445 - INFO - Extracted DDL for table: attribute
2025-01-04 14:58:29,446 - INFO - Extracted DDL for table: colour
2025-01-04 14:58:29,448 - INFO - Extracted DDL for table: gender
2025-01-04 14:58:29,449 - INFO - Extracted DDL for table: publisher
2025-01-04 14:58:29,451 - INFO - Extracted DDL for table: race
2025-01-04 14:58:29,451 - INFO - Extracted DDL for table: superhero
2025-01-04 14:58:29,452 - INFO - Extracted DDL for table: hero_attribute
2025-01-04 14:58:29,452 - INFO - Extracted DDL for table: superpower
2025-01-04 14:58:29,453 - INFO - Extracted DDL for table: hero_power
2025-01-04 14:58:29,487 - INFO - Extracted DDL for table: Examination
2025-01-04 14:58:29,489 - INFO - Extracted DDL for table: Patient
2025-01-04 14:58:29,490 - INFO - Extracted DDL for table: Laboratory
2025-01-04 14:58:29,523 - INFO - Extracted DDL for table: atom
2025-01-04 14:58:29,524 - INFO - Extracted DDL for table: bond
2025-01-04 14:58:29,526 - INFO - Extracted DDL for table: connected
2025-01-04 14:58:29,527 - INFO - Extracted DDL for table: molecule
2025-01-04 14:58:36,064 - INFO - Extracted DDL for table: satscores
2025-01-04 14:58:36,066 - INFO - Extracted DDL for table: schools
2025-01-04 14:58:36,067 - INFO - Extracted DDL for table: frpm
2025-01-04 14:58:36,526 - ERROR - Failed to train Vanna on table 'satscores': ('Error adding DDL', {'error': {'code': -32600, 'message': 'User pierre.devillers01630@gmail.com not in model bird_model'}, 'jsonrpc': '2.0'})
2025-01-04 14:58:36,932 - ERROR - Failed to train Vanna on table 'schools': ('Error adding DDL', {'error': {'code': -32600, 'message': 'User pierre.devillers01630@gmail.com not in model bird_model'}, 'jsonrpc': '2.0'})
2025-01-04 14:58:37,341 - ERROR - Failed to train Vanna on table 'frpm': ('Error adding DDL', {'error': {'code': -32600, 'message': 'User pierre.devillers01630@gmail.com not in model bird_model'}, 'jsonrpc': '2.0'})
2025-01-04 14:58:37,381 - INFO - Extracted DDL for table: cards
2025-01-04 14:58:37,383 - INFO - Extracted DDL for table: foreign_data
2025-01-04 14:58:37,384 - INFO - Extracted DDL for table: legalities
2025-01-04 14:58:37,385 - INFO - Extracted DDL for table: sets
2025-01-04 14:58:37,387 - INFO - Extracted DDL for table: set_translations
2025-01-04 14:58:37,388 - INFO - Extracted DDL for table: rulings
2025-01-04 14:58:37,795 - ERROR - Failed to train Vanna on table 'cards': ('Error adding DDL', {'error': {'code': -32600, 'message': 'User pierre.devillers01630@gmail.com not in model bird_model'}, 'jsonrpc': '2.0'})
2025-01-04 14:58:38,201 - ERROR - Failed to train Vanna on table 'foreign_data': ('Error adding DDL', {'error': {'code': -32600, 'message': 'User pierre.devillers01630@gmail.com not in model bird_model'}, 'jsonrpc': '2.0'})
2025-01-04 14:58:38,606 - ERROR - Failed to train Vanna on table 'legalities': ('Error adding DDL', {'error': {'code': -32600, 'message': 'User pierre.devillers01630@gmail.com not in model bird_model'}, 'jsonrpc': '2.0'})
2025-01-04 14:58:39,012 - ERROR - Failed to train Vanna on table 'sets': ('Error adding DDL', {'error': {'code': -32600, 'message': 'User pierre.devillers01630@gmail.com not in model bird_model'}, 'jsonrpc': '2.0'})
2025-01-04 14:58:39,416 - ERROR - Failed to train Vanna on table 'set_translations': ('Error adding DDL', {'error': {'code': -32600, 'message': 'User pierre.devillers01630@gmail.com not in model bird_model'}, 'jsonrpc': '2.0'})
2025-01-04 14:58:39,824 - ERROR - Failed to train Vanna on table 'rulings': ('Error adding DDL', {'error': {'code': -32600, 'message': 'User pierre.devillers01630@gmail.com not in model bird_model'}, 'jsonrpc': '2.0'})
2025-01-04 14:58:39,856 - INFO - Extracted DDL for table: badges
2025-01-04 14:58:39,857 - INFO - Extracted DDL for table: comments
2025-01-04 14:58:39,859 - INFO - Extracted DDL for table: postHistory
2025-01-04 14:58:39,860 - INFO - Extracted DDL for table: postLinks
2025-01-04 14:58:39,861 - INFO - Extracted DDL for table: posts
2025-01-04 14:58:39,862 - INFO - Extracted DDL for table: tags
2025-01-04 14:58:39,863 - INFO - Extracted DDL for table: users
2025-01-04 14:58:39,863 - INFO - Extracted DDL for table: votes
2025-01-04 14:58:40,267 - ERROR - Failed to train Vanna on table 'badges': ('Error adding DDL', {'error': {'code': -32600, 'message': 'User pierre.devillers01630@gmail.com not in model bird_model'}, 'jsonrpc': '2.0'})
2025-01-04 14:58:40,662 - ERROR - Failed to train Vanna on table 'comments': ('Error adding DDL', {'error': {'code': -32600, 'message': 'User pierre.devillers01630@gmail.com not in model bird_model'}, 'jsonrpc': '2.0'})
2025-01-04 14:58:41,058 - ERROR - Failed to train Vanna on table 'postHistory': ('Error adding DDL', {'error': {'code': -32600, 'message': 'User pierre.devillers01630@gmail.com not in model bird_model'}, 'jsonrpc': '2.0'})
2025-01-04 14:58:41,458 - ERROR - Failed to train Vanna on table 'postLinks': ('Error adding DDL', {'error': {'code': -32600, 'message': 'User pierre.devillers01630@gmail.com not in model bird_model'}, 'jsonrpc': '2.0'})
2025-01-04 14:58:41,855 - ERROR - Failed to train Vanna on table 'posts': ('Error adding DDL', {'error': {'code': -32600, 'message': 'User pierre.devillers01630@gmail.com not in model bird_model'}, 'jsonrpc': '2.0'})
2025-01-04 14:58:42,257 - ERROR - Failed to train Vanna on table 'tags': ('Error adding DDL', {'error': {'code': -32600, 'message': 'User pierre.devillers01630@gmail.com not in model bird_model'}, 'jsonrpc': '2.0'})
2025-01-04 14:58:42,657 - ERROR - Failed to train Vanna on table 'users': ('Error adding DDL', {'error': {'code': -32600, 'message': 'User pierre.devillers01630@gmail.com not in model bird_model'}, 'jsonrpc': '2.0'})
2025-01-04 14:58:43,058 - ERROR - Failed to train Vanna on table 'votes': ('Error adding DDL', {'error': {'code': -32600, 'message': 'User pierre.devillers01630@gmail.com not in model bird_model'}, 'jsonrpc': '2.0'})
2025-01-04 14:58:43,091 - INFO - Extracted DDL for table: customers
2025-01-04 14:58:43,093 - INFO - Extracted DDL for table: gasstations
2025-01-04 14:58:43,094 - INFO - Extracted DDL for table: products
2025-01-04 14:58:43,095 - INFO - Extracted DDL for table: transactions_1k
2025-01-04 14:58:43,096 - INFO - Extracted DDL for table: yearmonth
2025-01-04 14:58:43,665 - ERROR - Failed to train Vanna on table 'customers': ('Error adding DDL', {'error': {'code': -32600, 'message': 'User pierre.devillers01630@gmail.com not in model bird_model'}, 'jsonrpc': '2.0'})
2025-01-04 14:58:44,065 - ERROR - Failed to train Vanna on table 'gasstations': ('Error adding DDL', {'error': {'code': -32600, 'message': 'User pierre.devillers01630@gmail.com not in model bird_model'}, 'jsonrpc': '2.0'})
2025-01-04 14:58:44,469 - ERROR - Failed to train Vanna on table 'products': ('Error adding DDL', {'error': {'code': -32600, 'message': 'User pierre.devillers01630@gmail.com not in model bird_model'}, 'jsonrpc': '2.0'})
2025-01-04 14:58:44,871 - ERROR - Failed to train Vanna on table 'transactions_1k': ('Error adding DDL', {'error': {'code': -32600, 'message': 'User pierre.devillers01630@gmail.com not in model bird_model'}, 'jsonrpc': '2.0'})
2025-01-04 14:58:45,270 - ERROR - Failed to train Vanna on table 'yearmonth': ('Error adding DDL', {'error': {'code': -32600, 'message': 'User pierre.devillers01630@gmail.com not in model bird_model'}, 'jsonrpc': '2.0'})
2025-01-04 14:58:45,303 - INFO - Extracted DDL for table: Player_Attributes
2025-01-04 14:58:45,304 - INFO - Extracted DDL for table: Player
2025-01-04 14:58:45,306 - INFO - Extracted DDL for table: League
2025-01-04 14:58:45,307 - INFO - Extracted DDL for table: Country
2025-01-04 14:58:45,308 - INFO - Extracted DDL for table: Team
2025-01-04 14:58:45,310 - INFO - Extracted DDL for table: Team_Attributes
2025-01-04 14:58:45,311 - INFO - Extracted DDL for table: Match
2025-01-04 14:58:45,715 - ERROR - Failed to train Vanna on table 'Player_Attributes': ('Error adding DDL', {'error': {'code': -32600, 'message': 'User pierre.devillers01630@gmail.com not in model bird_model'}, 'jsonrpc': '2.0'})
2025-01-04 14:58:46,106 - ERROR - Failed to train Vanna on table 'Player': ('Error adding DDL', {'error': {'code': -32600, 'message': 'User pierre.devillers01630@gmail.com not in model bird_model'}, 'jsonrpc': '2.0'})
2025-01-04 14:58:46,500 - ERROR - Failed to train Vanna on table 'League': ('Error adding DDL', {'error': {'code': -32600, 'message': 'User pierre.devillers01630@gmail.com not in model bird_model'}, 'jsonrpc': '2.0'})
2025-01-04 14:58:46,917 - ERROR - Failed to train Vanna on table 'Country': ('Error adding DDL', {'error': {'code': -32600, 'message': 'User pierre.devillers01630@gmail.com not in model bird_model'}, 'jsonrpc': '2.0'})
2025-01-04 14:58:47,307 - ERROR - Failed to train Vanna on table 'Team': ('Error adding DDL', {'error': {'code': -32600, 'message': 'User pierre.devillers01630@gmail.com not in model bird_model'}, 'jsonrpc': '2.0'})
2025-01-04 14:58:47,709 - ERROR - Failed to train Vanna on table 'Team_Attributes': ('Error adding DDL', {'error': {'code': -32600, 'message': 'User pierre.devillers01630@gmail.com not in model bird_model'}, 'jsonrpc': '2.0'})
2025-01-04 14:58:48,113 - ERROR - Failed to train Vanna on table 'Match': ('Error adding DDL', {'error': {'code': -32600, 'message': 'User pierre.devillers01630@gmail.com not in model bird_model'}, 'jsonrpc': '2.0'})
2025-01-04 14:58:48,261 - INFO - Extracted DDL for table: account
2025-01-04 14:58:48,262 - INFO - Extracted DDL for table: card
2025-01-04 14:58:48,264 - INFO - Extracted DDL for table: client
2025-01-04 14:58:48,265 - INFO - Extracted DDL for table: disp
2025-01-04 14:58:48,266 - INFO - Extracted DDL for table: district
2025-01-04 14:58:48,267 - INFO - Extracted DDL for table: loan
2025-01-04 14:58:48,663 - ERROR - Failed to train Vanna on table 'account': ('Error adding DDL', {'error': {'code': -32600, 'message': 'User pierre.devillers01630@gmail.com not in model bird_model'}, 'jsonrpc': '2.0'})
2025-01-04 14:58:49,081 - ERROR - Failed to train Vanna on table 'card': ('Error adding DDL', {'error': {'code': -32600, 'message': 'User pierre.devillers01630@gmail.com not in model bird_model'}, 'jsonrpc': '2.0'})
2025-01-04 14:58:49,478 - ERROR - Failed to train Vanna on table 'client': ('Error adding DDL', {'error': {'code': -32600, 'message': 'User pierre.devillers01630@gmail.com not in model bird_model'}, 'jsonrpc': '2.0'})
2025-01-04 14:58:49,879 - ERROR - Failed to train Vanna on table 'disp': ('Error adding DDL', {'error': {'code': -32600, 'message': 'User pierre.devillers01630@gmail.com not in model bird_model'}, 'jsonrpc': '2.0'})
2025-01-04 14:58:50,296 - ERROR - Failed to train Vanna on table 'district': ('Error adding DDL', {'error': {'code': -32600, 'message': 'User pierre.devillers01630@gmail.com not in model bird_model'}, 'jsonrpc': '2.0'})
2025-01-04 14:58:50,692 - ERROR - Failed to train Vanna on table 'loan': ('Error adding DDL', {'error': {'code': -32600, 'message': 'User pierre.devillers01630@gmail.com not in model bird_model'}, 'jsonrpc': '2.0'})
2025-01-04 14:58:50,725 - INFO - Extracted DDL for table: circuits
2025-01-04 14:58:50,727 - INFO - Extracted DDL for table: constructors
2025-01-04 14:58:50,729 - INFO - Extracted DDL for table: drivers
2025-01-04 14:58:50,730 - INFO - Extracted DDL for table: seasons
2025-01-04 14:58:50,731 - INFO - Extracted DDL for table: races
2025-01-04 14:58:50,733 - INFO - Extracted DDL for table: constructorResults
2025-01-04 14:58:50,733 - INFO - Extracted DDL for table: constructorStandings
2025-01-04 14:58:50,734 - INFO - Extracted DDL for table: driverStandings
2025-01-04 14:58:50,734 - INFO - Extracted DDL for table: lapTimes
2025-01-04 14:58:50,735 - INFO - Extracted DDL for table: pitStops
2025-01-04 14:58:50,735 - INFO - Extracted DDL for table: qualifying
2025-01-04 14:58:50,735 - INFO - Extracted DDL for table: status
2025-01-04 14:58:50,736 - INFO - Extracted DDL for table: results
2025-01-04 14:58:51,134 - ERROR - Failed to train Vanna on table 'circuits': ('Error adding DDL', {'error': {'code': -32600, 'message': 'User pierre.devillers01630@gmail.com not in model bird_model'}, 'jsonrpc': '2.0'})
2025-01-04 14:58:51,537 - ERROR - Failed to train Vanna on table 'constructors': ('Error adding DDL', {'error': {'code': -32600, 'message': 'User pierre.devillers01630@gmail.com not in model bird_model'}, 'jsonrpc': '2.0'})
2025-01-04 14:58:51,942 - ERROR - Failed to train Vanna on table 'drivers': ('Error adding DDL', {'error': {'code': -32600, 'message': 'User pierre.devillers01630@gmail.com not in model bird_model'}, 'jsonrpc': '2.0'})
2025-01-04 14:58:52,338 - ERROR - Failed to train Vanna on table 'seasons': ('Error adding DDL', {'error': {'code': -32600, 'message': 'User pierre.devillers01630@gmail.com not in model bird_model'}, 'jsonrpc': '2.0'})
2025-01-04 14:58:52,750 - ERROR - Failed to train Vanna on table 'races': ('Error adding DDL', {'error': {'code': -32600, 'message': 'User pierre.devillers01630@gmail.com not in model bird_model'}, 'jsonrpc': '2.0'})
2025-01-04 14:58:53,171 - ERROR - Failed to train Vanna on table 'constructorResults': ('Error adding DDL', {'error': {'code': -32600, 'message': 'User pierre.devillers01630@gmail.com not in model bird_model'}, 'jsonrpc': '2.0'})
2025-01-04 14:58:53,569 - ERROR - Failed to train Vanna on table 'constructorStandings': ('Error adding DDL', {'error': {'code': -32600, 'message': 'User pierre.devillers01630@gmail.com not in model bird_model'}, 'jsonrpc': '2.0'})
2025-01-04 14:58:53,974 - ERROR - Failed to train Vanna on table 'driverStandings': ('Error adding DDL', {'error': {'code': -32600, 'message': 'User pierre.devillers01630@gmail.com not in model bird_model'}, 'jsonrpc': '2.0'})
2025-01-04 14:58:54,382 - ERROR - Failed to train Vanna on table 'lapTimes': ('Error adding DDL', {'error': {'code': -32600, 'message': 'User pierre.devillers01630@gmail.com not in model bird_model'}, 'jsonrpc': '2.0'})
2025-01-04 14:58:54,779 - ERROR - Failed to train Vanna on table 'pitStops': ('Error adding DDL', {'error': {'code': -32600, 'message': 'User pierre.devillers01630@gmail.com not in model bird_model'}, 'jsonrpc': '2.0'})
2025-01-04 14:58:55,175 - ERROR - Failed to train Vanna on table 'qualifying': ('Error adding DDL', {'error': {'code': -32600, 'message': 'User pierre.devillers01630@gmail.com not in model bird_model'}, 'jsonrpc': '2.0'})
2025-01-04 14:58:55,580 - ERROR - Failed to train Vanna on table 'status': ('Error adding DDL', {'error': {'code': -32600, 'message': 'User pierre.devillers01630@gmail.com not in model bird_model'}, 'jsonrpc': '2.0'})
2025-01-04 14:58:55,991 - ERROR - Failed to train Vanna on table 'results': ('Error adding DDL', {'error': {'code': -32600, 'message': 'User pierre.devillers01630@gmail.com not in model bird_model'}, 'jsonrpc': '2.0'})
2025-01-04 14:58:56,024 - INFO - Extracted DDL for table: event
2025-01-04 14:58:56,026 - INFO - Extracted DDL for table: major
2025-01-04 14:58:56,027 - INFO - Extracted DDL for table: zip_code
2025-01-04 14:58:56,028 - INFO - Extracted DDL for table: attendance
2025-01-04 14:58:56,029 - INFO - Extracted DDL for table: budget
2025-01-04 14:58:56,031 - INFO - Extracted DDL for table: expense
2025-01-04 14:58:56,031 - INFO - Extracted DDL for table: income
2025-01-04 14:58:56,032 - INFO - Extracted DDL for table: member
2025-01-04 14:58:56,432 - ERROR - Failed to train Vanna on table 'event': ('Error adding DDL', {'error': {'code': -32600, 'message': 'User pierre.devillers01630@gmail.com not in model bird_model'}, 'jsonrpc': '2.0'})
2025-01-04 14:58:56,852 - ERROR - Failed to train Vanna on table 'major': ('Error adding DDL', {'error': {'code': -32600, 'message': 'User pierre.devillers01630@gmail.com not in model bird_model'}, 'jsonrpc': '2.0'})
2025-01-04 14:58:57,249 - ERROR - Failed to train Vanna on table 'zip_code': ('Error adding DDL', {'error': {'code': -32600, 'message': 'User pierre.devillers01630@gmail.com not in model bird_model'}, 'jsonrpc': '2.0'})
2025-01-04 14:58:57,644 - ERROR - Failed to train Vanna on table 'attendance': ('Error adding DDL', {'error': {'code': -32600, 'message': 'User pierre.devillers01630@gmail.com not in model bird_model'}, 'jsonrpc': '2.0'})
2025-01-04 14:58:58,052 - ERROR - Failed to train Vanna on table 'budget': ('Error adding DDL', {'error': {'code': -32600, 'message': 'User pierre.devillers01630@gmail.com not in model bird_model'}, 'jsonrpc': '2.0'})
2025-01-04 14:58:58,459 - ERROR - Failed to train Vanna on table 'expense': ('Error adding DDL', {'error': {'code': -32600, 'message': 'User pierre.devillers01630@gmail.com not in model bird_model'}, 'jsonrpc': '2.0'})
2025-01-04 14:58:58,858 - ERROR - Failed to train Vanna on table 'income': ('Error adding DDL', {'error': {'code': -32600, 'message': 'User pierre.devillers01630@gmail.com not in model bird_model'}, 'jsonrpc': '2.0'})
2025-01-04 14:58:59,473 - ERROR - Failed to train Vanna on table 'member': ('Error adding DDL', {'error': {'code': -32600, 'message': 'User pierre.devillers01630@gmail.com not in model bird_model'}, 'jsonrpc': '2.0'})
2025-01-04 14:58:59,506 - INFO - Extracted DDL for table: alignment
2025-01-04 14:58:59,508 - INFO - Extracted DDL for table: attribute
2025-01-04 14:58:59,509 - INFO - Extracted DDL for table: colour
2025-01-04 14:58:59,510 - INFO - Extracted DDL for table: gender
2025-01-04 14:58:59,511 - INFO - Extracted DDL for table: publisher
2025-01-04 14:58:59,513 - INFO - Extracted DDL for table: race
2025-01-04 14:58:59,513 - INFO - Extracted DDL for table: superhero
2025-01-04 14:58:59,514 - INFO - Extracted DDL for table: hero_attribute
2025-01-04 14:58:59,514 - INFO - Extracted DDL for table: superpower
2025-01-04 14:58:59,515 - INFO - Extracted DDL for table: hero_power
2025-01-04 14:59:00,086 - ERROR - Failed to train Vanna on table 'alignment': ('Error adding DDL', {'error': {'code': -32600, 'message': 'User pierre.devillers01630@gmail.com not in model bird_model'}, 'jsonrpc': '2.0'})
2025-01-04 14:59:00,684 - ERROR - Failed to train Vanna on table 'attribute': ('Error adding DDL', {'error': {'code': -32600, 'message': 'User pierre.devillers01630@gmail.com not in model bird_model'}, 'jsonrpc': '2.0'})
2025-01-04 14:59:01,347 - ERROR - Failed to train Vanna on table 'colour': ('Error adding DDL', {'error': {'code': -32600, 'message': 'User pierre.devillers01630@gmail.com not in model bird_model'}, 'jsonrpc': '2.0'})
2025-01-04 14:59:01,972 - ERROR - Failed to train Vanna on table 'gender': ('Error adding DDL', {'error': {'code': -32600, 'message': 'User pierre.devillers01630@gmail.com not in model bird_model'}, 'jsonrpc': '2.0'})
2025-01-04 14:59:02,559 - ERROR - Failed to train Vanna on table 'publisher': ('Error adding DDL', {'error': {'code': -32600, 'message': 'User pierre.devillers01630@gmail.com not in model bird_model'}, 'jsonrpc': '2.0'})
2025-01-04 14:59:03,011 - ERROR - Failed to train Vanna on table 'race': ('Error adding DDL', {'error': {'code': -32600, 'message': 'User pierre.devillers01630@gmail.com not in model bird_model'}, 'jsonrpc': '2.0'})
2025-01-04 14:59:03,418 - ERROR - Failed to train Vanna on table 'superhero': ('Error adding DDL', {'error': {'code': -32600, 'message': 'User pierre.devillers01630@gmail.com not in model bird_model'}, 'jsonrpc': '2.0'})
2025-01-04 14:59:03,818 - ERROR - Failed to train Vanna on table 'hero_attribute': ('Error adding DDL', {'error': {'code': -32600, 'message': 'User pierre.devillers01630@gmail.com not in model bird_model'}, 'jsonrpc': '2.0'})
2025-01-04 14:59:04,227 - ERROR - Failed to train Vanna on table 'superpower': ('Error adding DDL', {'error': {'code': -32600, 'message': 'User pierre.devillers01630@gmail.com not in model bird_model'}, 'jsonrpc': '2.0'})
2025-01-04 14:59:04,631 - ERROR - Failed to train Vanna on table 'hero_power': ('Error adding DDL', {'error': {'code': -32600, 'message': 'User pierre.devillers01630@gmail.com not in model bird_model'}, 'jsonrpc': '2.0'})
2025-01-04 14:59:04,665 - INFO - Extracted DDL for table: Examination
2025-01-04 14:59:04,666 - INFO - Extracted DDL for table: Patient
2025-01-04 14:59:04,668 - INFO - Extracted DDL for table: Laboratory
2025-01-04 14:59:05,070 - ERROR - Failed to train Vanna on table 'Examination': ('Error adding DDL', {'error': {'code': -32600, 'message': 'User pierre.devillers01630@gmail.com not in model bird_model'}, 'jsonrpc': '2.0'})
2025-01-04 14:59:05,468 - ERROR - Failed to train Vanna on table 'Patient': ('Error adding DDL', {'error': {'code': -32600, 'message': 'User pierre.devillers01630@gmail.com not in model bird_model'}, 'jsonrpc': '2.0'})
2025-01-04 14:59:05,874 - ERROR - Failed to train Vanna on table 'Laboratory': ('Error adding DDL', {'error': {'code': -32600, 'message': 'User pierre.devillers01630@gmail.com not in model bird_model'}, 'jsonrpc': '2.0'})
2025-01-04 14:59:05,918 - INFO - Extracted DDL for table: atom
2025-01-04 14:59:05,919 - INFO - Extracted DDL for table: bond
2025-01-04 14:59:05,920 - INFO - Extracted DDL for table: connected
2025-01-04 14:59:05,922 - INFO - Extracted DDL for table: molecule
2025-01-04 14:59:06,340 - ERROR - Failed to train Vanna on table 'atom': ('Error adding DDL', {'error': {'code': -32600, 'message': 'User pierre.devillers01630@gmail.com not in model bird_model'}, 'jsonrpc': '2.0'})
2025-01-04 14:59:06,747 - ERROR - Failed to train Vanna on table 'bond': ('Error adding DDL', {'error': {'code': -32600, 'message': 'User pierre.devillers01630@gmail.com not in model bird_model'}, 'jsonrpc': '2.0'})
2025-01-04 14:59:07,259 - ERROR - Failed to train Vanna on table 'connected': ('Error adding DDL', {'error': {'code': -32600, 'message': 'User pierre.devillers01630@gmail.com not in model bird_model'}, 'jsonrpc': '2.0'})
2025-01-04 14:59:07,938 - ERROR - Failed to train Vanna on table 'molecule': ('Error adding DDL', {'error': {'code': -32600, 'message': 'User pierre.devillers01630@gmail.com not in model bird_model'}, 'jsonrpc': '2.0'})
2025-01-04 15:57:33,625 - INFO - Extracted DDL for table: satscores
2025-01-04 15:57:33,627 - INFO - Extracted DDL for table: schools
2025-01-04 15:57:33,628 - INFO - Extracted DDL for table: frpm
2025-01-04 15:57:33,661 - INFO - Extracted DDL for table: cards
2025-01-04 15:57:33,663 - INFO - Extracted DDL for table: foreign_data
2025-01-04 15:57:33,664 - INFO - Extracted DDL for table: legalities
2025-01-04 15:57:33,665 - INFO - Extracted DDL for table: sets
2025-01-04 15:57:33,667 - INFO - Extracted DDL for table: set_translations
2025-01-04 15:57:33,668 - INFO - Extracted DDL for table: rulings
2025-01-04 15:57:33,702 - INFO - Extracted DDL for table: badges
2025-01-04 15:57:33,704 - INFO - Extracted DDL for table: comments
2025-01-04 15:57:33,705 - INFO - Extracted DDL for table: postHistory
2025-01-04 15:57:33,706 - INFO - Extracted DDL for table: postLinks
2025-01-04 15:57:33,708 - INFO - Extracted DDL for table: posts
2025-01-04 15:57:33,709 - INFO - Extracted DDL for table: tags
2025-01-04 15:57:33,710 - INFO - Extracted DDL for table: users
2025-01-04 15:57:33,710 - INFO - Extracted DDL for table: votes
2025-01-04 15:57:33,746 - INFO - Extracted DDL for table: customers
2025-01-04 15:57:33,747 - INFO - Extracted DDL for table: gasstations
2025-01-04 15:57:33,749 - INFO - Extracted DDL for table: products
2025-01-04 15:57:33,750 - INFO - Extracted DDL for table: transactions_1k
2025-01-04 15:57:33,751 - INFO - Extracted DDL for table: yearmonth
2025-01-04 15:57:33,787 - INFO - Extracted DDL for table: Player_Attributes
2025-01-04 15:57:33,789 - INFO - Extracted DDL for table: Player
2025-01-04 15:57:33,790 - INFO - Extracted DDL for table: League
2025-01-04 15:57:33,792 - INFO - Extracted DDL for table: Country
2025-01-04 15:57:33,793 - INFO - Extracted DDL for table: Team
2025-01-04 15:57:33,794 - INFO - Extracted DDL for table: Team_Attributes
2025-01-04 15:57:33,795 - INFO - Extracted DDL for table: Match
2025-01-04 15:57:33,840 - INFO - Extracted DDL for table: account
2025-01-04 15:57:33,841 - INFO - Extracted DDL for table: card
2025-01-04 15:57:33,842 - INFO - Extracted DDL for table: client
2025-01-04 15:57:33,844 - INFO - Extracted DDL for table: disp
2025-01-04 15:57:33,845 - INFO - Extracted DDL for table: district
2025-01-04 15:57:33,846 - INFO - Extracted DDL for table: loan
2025-01-04 15:57:33,880 - INFO - Extracted DDL for table: circuits
2025-01-04 15:57:33,882 - INFO - Extracted DDL for table: constructors
2025-01-04 15:57:33,883 - INFO - Extracted DDL for table: drivers
2025-01-04 15:57:33,885 - INFO - Extracted DDL for table: seasons
2025-01-04 15:57:33,886 - INFO - Extracted DDL for table: races
2025-01-04 15:57:33,887 - INFO - Extracted DDL for table: constructorResults
2025-01-04 15:57:33,888 - INFO - Extracted DDL for table: constructorStandings
2025-01-04 15:57:33,888 - INFO - Extracted DDL for table: driverStandings
2025-01-04 15:57:33,889 - INFO - Extracted DDL for table: lapTimes
2025-01-04 15:57:33,889 - INFO - Extracted DDL for table: pitStops
2025-01-04 15:57:33,889 - INFO - Extracted DDL for table: qualifying
2025-01-04 15:57:33,890 - INFO - Extracted DDL for table: status
2025-01-04 15:57:33,890 - INFO - Extracted DDL for table: results
2025-01-04 15:57:33,933 - INFO - Extracted DDL for table: event
2025-01-04 15:57:33,935 - INFO - Extracted DDL for table: major
2025-01-04 15:57:33,936 - INFO - Extracted DDL for table: zip_code
2025-01-04 15:57:33,937 - INFO - Extracted DDL for table: attendance
2025-01-04 15:57:33,939 - INFO - Extracted DDL for table: budget
2025-01-04 15:57:33,940 - INFO - Extracted DDL for table: expense
2025-01-04 15:57:33,940 - INFO - Extracted DDL for table: income
2025-01-04 15:57:33,941 - INFO - Extracted DDL for table: member
2025-01-04 15:57:33,980 - INFO - Extracted DDL for table: alignment
2025-01-04 15:57:33,981 - INFO - Extracted DDL for table: attribute
2025-01-04 15:57:33,983 - INFO - Extracted DDL for table: colour
2025-01-04 15:57:33,984 - INFO - Extracted DDL for table: gender
2025-01-04 15:57:33,985 - INFO - Extracted DDL for table: publisher
2025-01-04 15:57:33,986 - INFO - Extracted DDL for table: race
2025-01-04 15:57:33,987 - INFO - Extracted DDL for table: superhero
2025-01-04 15:57:33,987 - INFO - Extracted DDL for table: hero_attribute
2025-01-04 15:57:33,988 - INFO - Extracted DDL for table: superpower
2025-01-04 15:57:33,988 - INFO - Extracted DDL for table: hero_power
2025-01-04 15:57:34,028 - INFO - Extracted DDL for table: Examination
2025-01-04 15:57:34,029 - INFO - Extracted DDL for table: Patient
2025-01-04 15:57:34,031 - INFO - Extracted DDL for table: Laboratory
2025-01-04 15:57:34,074 - INFO - Extracted DDL for table: atom
2025-01-04 15:57:34,075 - INFO - Extracted DDL for table: bond
2025-01-04 15:57:34,076 - INFO - Extracted DDL for table: connected
2025-01-04 15:57:34,078 - INFO - Extracted DDL for table: molecule
2025-01-04 15:58:10,378 - INFO - Extracted DDL for table: satscores
2025-01-04 15:58:10,380 - INFO - Extracted DDL for table: schools
2025-01-04 15:58:10,382 - INFO - Extracted DDL for table: frpm
2025-01-04 15:58:10,416 - INFO - Extracted DDL for table: cards
2025-01-04 15:58:10,417 - INFO - Extracted DDL for table: foreign_data
2025-01-04 15:58:10,418 - INFO - Extracted DDL for table: legalities
2025-01-04 15:58:10,420 - INFO - Extracted DDL for table: sets
2025-01-04 15:58:10,421 - INFO - Extracted DDL for table: set_translations
2025-01-04 15:58:10,422 - INFO - Extracted DDL for table: rulings
2025-01-04 15:58:10,564 - INFO - Extracted DDL for table: badges
2025-01-04 15:58:10,566 - INFO - Extracted DDL for table: comments
2025-01-04 15:58:10,567 - INFO - Extracted DDL for table: postHistory
2025-01-04 15:58:10,568 - INFO - Extracted DDL for table: postLinks
2025-01-04 15:58:10,570 - INFO - Extracted DDL for table: posts
2025-01-04 15:58:10,571 - INFO - Extracted DDL for table: tags
2025-01-04 15:58:10,571 - INFO - Extracted DDL for table: users
2025-01-04 15:58:10,572 - INFO - Extracted DDL for table: votes
2025-01-04 15:58:10,605 - INFO - Extracted DDL for table: customers
2025-01-04 15:58:10,606 - INFO - Extracted DDL for table: gasstations
2025-01-04 15:58:10,607 - INFO - Extracted DDL for table: products
2025-01-04 15:58:10,609 - INFO - Extracted DDL for table: transactions_1k
2025-01-04 15:58:10,610 - INFO - Extracted DDL for table: yearmonth
2025-01-04 15:58:10,650 - INFO - Extracted DDL for table: Player_Attributes
2025-01-04 15:58:10,651 - INFO - Extracted DDL for table: Player
2025-01-04 15:58:10,653 - INFO - Extracted DDL for table: League
2025-01-04 15:58:10,654 - INFO - Extracted DDL for table: Country
2025-01-04 15:58:10,655 - INFO - Extracted DDL for table: Team
2025-01-04 15:58:10,657 - INFO - Extracted DDL for table: Team_Attributes
2025-01-04 15:58:10,657 - INFO - Extracted DDL for table: Match
2025-01-04 15:58:10,696 - INFO - Extracted DDL for table: account
2025-01-04 15:58:10,698 - INFO - Extracted DDL for table: card
2025-01-04 15:58:10,699 - INFO - Extracted DDL for table: client
2025-01-04 15:58:10,700 - INFO - Extracted DDL for table: disp
2025-01-04 15:58:10,701 - INFO - Extracted DDL for table: district
2025-01-04 15:58:10,703 - INFO - Extracted DDL for table: loan
2025-01-04 15:58:10,736 - INFO - Extracted DDL for table: circuits
2025-01-04 15:58:10,737 - INFO - Extracted DDL for table: constructors
2025-01-04 15:58:10,738 - INFO - Extracted DDL for table: drivers
2025-01-04 15:58:10,740 - INFO - Extracted DDL for table: seasons
2025-01-04 15:58:10,741 - INFO - Extracted DDL for table: races
2025-01-04 15:58:10,742 - INFO - Extracted DDL for table: constructorResults
2025-01-04 15:58:10,743 - INFO - Extracted DDL for table: constructorStandings
2025-01-04 15:58:10,743 - INFO - Extracted DDL for table: driverStandings
2025-01-04 15:58:10,744 - INFO - Extracted DDL for table: lapTimes
2025-01-04 15:58:10,745 - INFO - Extracted DDL for table: pitStops
2025-01-04 15:58:10,745 - INFO - Extracted DDL for table: qualifying
2025-01-04 15:58:10,746 - INFO - Extracted DDL for table: status
2025-01-04 15:58:10,746 - INFO - Extracted DDL for table: results
2025-01-04 15:58:10,790 - INFO - Extracted DDL for table: event
2025-01-04 15:58:10,791 - INFO - Extracted DDL for table: major
2025-01-04 15:58:10,793 - INFO - Extracted DDL for table: zip_code
2025-01-04 15:58:10,794 - INFO - Extracted DDL for table: attendance
2025-01-04 15:58:10,795 - INFO - Extracted DDL for table: budget
2025-01-04 15:58:10,796 - INFO - Extracted DDL for table: expense
2025-01-04 15:58:10,797 - INFO - Extracted DDL for table: income
2025-01-04 15:58:10,797 - INFO - Extracted DDL for table: member
2025-01-04 15:58:10,938 - INFO - Extracted DDL for table: alignment
2025-01-04 15:58:10,939 - INFO - Extracted DDL for table: attribute
2025-01-04 15:58:10,940 - INFO - Extracted DDL for table: colour
2025-01-04 15:58:10,941 - INFO - Extracted DDL for table: gender
2025-01-04 15:58:10,943 - INFO - Extracted DDL for table: publisher
2025-01-04 15:58:10,945 - INFO - Extracted DDL for table: race
2025-01-04 15:58:10,945 - INFO - Extracted DDL for table: superhero
2025-01-04 15:58:10,946 - INFO - Extracted DDL for table: hero_attribute
2025-01-04 15:58:10,946 - INFO - Extracted DDL for table: superpower
2025-01-04 15:58:10,947 - INFO - Extracted DDL for table: hero_power
2025-01-04 15:58:10,980 - INFO - Extracted DDL for table: Examination
2025-01-04 15:58:10,982 - INFO - Extracted DDL for table: Patient
2025-01-04 15:58:10,983 - INFO - Extracted DDL for table: Laboratory
2025-01-04 15:58:11,022 - INFO - Extracted DDL for table: atom
2025-01-04 15:58:11,023 - INFO - Extracted DDL for table: bond
2025-01-04 15:58:11,025 - INFO - Extracted DDL for table: connected
2025-01-04 15:58:11,026 - INFO - Extracted DDL for table: molecule
2025-01-04 15:58:15,376 - INFO - Extracted DDL for table: satscores
2025-01-04 15:58:15,378 - INFO - Extracted DDL for table: schools
2025-01-04 15:58:15,380 - INFO - Extracted DDL for table: frpm
2025-01-04 15:58:16,110 - INFO - Trained Vanna on table: satscores
2025-01-04 15:58:16,782 - INFO - Trained Vanna on table: schools
2025-01-04 15:58:17,425 - INFO - Trained Vanna on table: frpm
2025-01-04 15:58:17,457 - INFO - Extracted DDL for table: cards
2025-01-04 15:58:17,459 - INFO - Extracted DDL for table: foreign_data
2025-01-04 15:58:17,460 - INFO - Extracted DDL for table: legalities
2025-01-04 15:58:17,461 - INFO - Extracted DDL for table: sets
2025-01-04 15:58:17,463 - INFO - Extracted DDL for table: set_translations
2025-01-04 15:58:17,464 - INFO - Extracted DDL for table: rulings
2025-01-04 15:58:18,113 - INFO - Trained Vanna on table: cards
2025-01-04 15:58:18,777 - INFO - Trained Vanna on table: foreign_data
2025-01-04 15:58:19,410 - INFO - Trained Vanna on table: legalities
2025-01-04 15:58:20,174 - INFO - Trained Vanna on table: sets
2025-01-04 15:58:20,900 - INFO - Trained Vanna on table: set_translations
2025-01-04 15:58:21,544 - INFO - Trained Vanna on table: rulings
2025-01-04 15:58:21,578 - INFO - Extracted DDL for table: badges
2025-01-04 15:58:21,580 - INFO - Extracted DDL for table: comments
2025-01-04 15:58:21,581 - INFO - Extracted DDL for table: postHistory
2025-01-04 15:58:21,582 - INFO - Extracted DDL for table: postLinks
2025-01-04 15:58:21,583 - INFO - Extracted DDL for table: posts
2025-01-04 15:58:21,585 - INFO - Extracted DDL for table: tags
2025-01-04 15:58:21,585 - INFO - Extracted DDL for table: users
2025-01-04 15:58:21,586 - INFO - Extracted DDL for table: votes
2025-01-04 15:58:23,907 - INFO - Trained Vanna on table: badges
2025-01-04 15:58:24,604 - INFO - Trained Vanna on table: comments
2025-01-04 15:58:25,282 - INFO - Trained Vanna on table: postHistory
2025-01-04 15:58:25,997 - INFO - Trained Vanna on table: postLinks
2025-01-04 15:58:27,542 - INFO - Trained Vanna on table: posts
2025-01-04 15:58:28,259 - INFO - Trained Vanna on table: tags
2025-01-04 15:58:28,967 - INFO - Trained Vanna on table: users
2025-01-04 15:58:32,059 - INFO - Trained Vanna on table: votes
2025-01-04 15:58:32,091 - INFO - Extracted DDL for table: customers
2025-01-04 15:58:32,093 - INFO - Extracted DDL for table: gasstations
2025-01-04 15:58:32,094 - INFO - Extracted DDL for table: products
2025-01-04 15:58:32,095 - INFO - Extracted DDL for table: transactions_1k
2025-01-04 15:58:32,096 - INFO - Extracted DDL for table: yearmonth
2025-01-04 15:58:32,880 - INFO - Trained Vanna on table: customers
2025-01-04 15:58:33,575 - INFO - Trained Vanna on table: gasstations
2025-01-04 15:58:34,258 - INFO - Trained Vanna on table: products
2025-01-04 15:58:34,989 - INFO - Trained Vanna on table: transactions_1k
2025-01-04 15:58:35,730 - INFO - Trained Vanna on table: yearmonth
2025-01-04 15:58:35,765 - INFO - Extracted DDL for table: Player_Attributes
2025-01-04 15:58:35,767 - INFO - Extracted DDL for table: Player
2025-01-04 15:58:35,769 - INFO - Extracted DDL for table: League
2025-01-04 15:58:35,770 - INFO - Extracted DDL for table: Country
2025-01-04 15:58:35,771 - INFO - Extracted DDL for table: Team
2025-01-04 15:58:35,773 - INFO - Extracted DDL for table: Team_Attributes
2025-01-04 15:58:35,773 - INFO - Extracted DDL for table: Match
2025-01-04 15:58:36,445 - INFO - Trained Vanna on table: Player_Attributes
2025-01-04 15:58:37,102 - INFO - Trained Vanna on table: Player
2025-01-04 15:58:37,828 - INFO - Trained Vanna on table: League
2025-01-04 15:58:38,541 - INFO - Trained Vanna on table: Country
2025-01-04 15:58:39,198 - INFO - Trained Vanna on table: Team
2025-01-04 15:58:39,916 - INFO - Trained Vanna on table: Team_Attributes
2025-01-04 15:58:40,696 - INFO - Trained Vanna on table: Match
2025-01-04 15:58:40,731 - INFO - Extracted DDL for table: account
2025-01-04 15:58:40,732 - INFO - Extracted DDL for table: card
2025-01-04 15:58:40,733 - INFO - Extracted DDL for table: client
2025-01-04 15:58:40,734 - INFO - Extracted DDL for table: disp
2025-01-04 15:58:40,736 - INFO - Extracted DDL for table: district
2025-01-04 15:58:40,737 - INFO - Extracted DDL for table: loan
2025-01-04 15:58:41,420 - INFO - Trained Vanna on table: account
2025-01-04 15:58:42,136 - INFO - Trained Vanna on table: card
2025-01-04 15:58:42,879 - INFO - Trained Vanna on table: client
2025-01-04 15:58:43,535 - INFO - Trained Vanna on table: disp
2025-01-04 15:58:44,211 - INFO - Trained Vanna on table: district
2025-01-04 15:58:44,944 - INFO - Trained Vanna on table: loan
2025-01-04 15:58:44,979 - INFO - Extracted DDL for table: circuits
2025-01-04 15:58:44,980 - INFO - Extracted DDL for table: constructors
2025-01-04 15:58:44,982 - INFO - Extracted DDL for table: drivers
2025-01-04 15:58:44,983 - INFO - Extracted DDL for table: seasons
2025-01-04 15:58:44,984 - INFO - Extracted DDL for table: races
2025-01-04 15:58:44,985 - INFO - Extracted DDL for table: constructorResults
2025-01-04 15:58:44,986 - INFO - Extracted DDL for table: constructorStandings
2025-01-04 15:58:44,986 - INFO - Extracted DDL for table: driverStandings
2025-01-04 15:58:44,987 - INFO - Extracted DDL for table: lapTimes
2025-01-04 15:58:44,987 - INFO - Extracted DDL for table: pitStops
2025-01-04 15:58:44,988 - INFO - Extracted DDL for table: qualifying
2025-01-04 15:58:44,988 - INFO - Extracted DDL for table: status
2025-01-04 15:58:44,989 - INFO - Extracted DDL for table: results
2025-01-04 15:58:45,694 - INFO - Trained Vanna on table: circuits
2025-01-04 15:58:46,417 - INFO - Trained Vanna on table: constructors
2025-01-04 15:58:47,150 - INFO - Trained Vanna on table: drivers
2025-01-04 15:58:48,059 - INFO - Trained Vanna on table: seasons
2025-01-04 15:58:48,702 - INFO - Trained Vanna on table: races
2025-01-04 15:58:49,449 - INFO - Trained Vanna on table: constructorResults
2025-01-04 15:58:50,316 - INFO - Trained Vanna on table: constructorStandings
2025-01-04 15:58:51,096 - INFO - Trained Vanna on table: driverStandings
2025-01-04 15:58:51,788 - INFO - Trained Vanna on table: lapTimes
2025-01-04 15:58:52,418 - INFO - Trained Vanna on table: pitStops
2025-01-04 15:58:53,316 - INFO - Trained Vanna on table: qualifying
2025-01-04 15:58:53,979 - INFO - Trained Vanna on table: status
2025-01-04 15:58:54,599 - INFO - Trained Vanna on table: results
2025-01-04 15:58:54,634 - INFO - Extracted DDL for table: event
2025-01-04 15:58:54,636 - INFO - Extracted DDL for table: major
2025-01-04 15:58:54,637 - INFO - Extracted DDL for table: zip_code
2025-01-04 15:58:54,638 - INFO - Extracted DDL for table: attendance
2025-01-04 15:58:54,640 - INFO - Extracted DDL for table: budget
2025-01-04 15:58:54,641 - INFO - Extracted DDL for table: expense
2025-01-04 15:58:54,641 - INFO - Extracted DDL for table: income
2025-01-04 15:58:54,642 - INFO - Extracted DDL for table: member
2025-01-04 15:58:55,326 - INFO - Trained Vanna on table: event
2025-01-04 15:58:55,941 - INFO - Trained Vanna on table: major
2025-01-04 15:58:56,588 - INFO - Trained Vanna on table: zip_code
2025-01-04 15:58:57,205 - INFO - Trained Vanna on table: attendance
2025-01-04 15:58:57,928 - INFO - Trained Vanna on table: budget
2025-01-04 15:58:58,561 - INFO - Trained Vanna on table: expense
2025-01-04 15:58:59,167 - INFO - Trained Vanna on table: income
2025-01-04 15:58:59,875 - INFO - Trained Vanna on table: member
2025-01-04 15:58:59,908 - INFO - Extracted DDL for table: alignment
2025-01-04 15:58:59,910 - INFO - Extracted DDL for table: attribute
2025-01-04 15:58:59,911 - INFO - Extracted DDL for table: colour
2025-01-04 15:58:59,912 - INFO - Extracted DDL for table: gender
2025-01-04 15:58:59,913 - INFO - Extracted DDL for table: publisher
2025-01-04 15:58:59,915 - INFO - Extracted DDL for table: race
2025-01-04 15:58:59,915 - INFO - Extracted DDL for table: superhero
2025-01-04 15:58:59,916 - INFO - Extracted DDL for table: hero_attribute
2025-01-04 15:58:59,916 - INFO - Extracted DDL for table: superpower
2025-01-04 15:58:59,917 - INFO - Extracted DDL for table: hero_power
2025-01-04 15:59:00,623 - INFO - Trained Vanna on table: alignment
2025-01-04 15:59:01,355 - INFO - Trained Vanna on table: attribute
2025-01-04 15:59:01,979 - INFO - Trained Vanna on table: colour
2025-01-04 15:59:02,692 - INFO - Trained Vanna on table: gender
2025-01-04 15:59:03,414 - INFO - Trained Vanna on table: publisher
2025-01-04 15:59:04,092 - INFO - Trained Vanna on table: race
2025-01-04 15:59:04,777 - INFO - Trained Vanna on table: superhero
2025-01-04 15:59:05,410 - INFO - Trained Vanna on table: hero_attribute
2025-01-04 15:59:06,248 - INFO - Trained Vanna on table: superpower
2025-01-04 15:59:06,901 - INFO - Trained Vanna on table: hero_power
2025-01-04 15:59:06,932 - INFO - Extracted DDL for table: Examination
2025-01-04 15:59:06,933 - INFO - Extracted DDL for table: Patient
2025-01-04 15:59:06,934 - INFO - Extracted DDL for table: Laboratory
2025-01-04 15:59:07,573 - INFO - Trained Vanna on table: Examination
2025-01-04 15:59:08,236 - INFO - Trained Vanna on table: Patient
2025-01-04 15:59:08,919 - INFO - Trained Vanna on table: Laboratory
2025-01-04 15:59:08,961 - INFO - Extracted DDL for table: atom
2025-01-04 15:59:08,963 - INFO - Extracted DDL for table: bond
2025-01-04 15:59:08,964 - INFO - Extracted DDL for table: connected
2025-01-04 15:59:08,965 - INFO - Extracted DDL for table: molecule
2025-01-04 15:59:12,003 - INFO - Trained Vanna on table: atom
2025-01-04 15:59:13,031 - INFO - Trained Vanna on table: bond
2025-01-04 15:59:14,284 - INFO - Trained Vanna on table: connected
2025-01-04 15:59:15,905 - INFO - Trained Vanna on table: molecule
